app/build/intermediates/manifest_merge_blame_file/debug/manifest-merger-blame-debug-report.txt
1<?xml version="1.0" encoding="utf-8"?>
2<manifest xmlns:android="http://schemas.android.com/apk/res/android"
3    package="com.nativelauncher.app" >
4
5    <uses-sdk
6        android:minSdkVersion="21"
7        android:targetSdkVersion="34" />
8
9    <application
9-->src/main/AndroidManifest.xml:4:1-24:15
10        android:debuggable="true"
11        android:extractNativeLibs="true"
12        android:icon="@mipmap/ic_launcher"
12-->src/main/AndroidManifest.xml:6:5-39
13        android:label="@string/app_name" >
13-->src/main/AndroidManifest.xml:5:5-37
14        <activity
14-->src/main/AndroidManifest.xml:8:5-22:16
15            android:name="com.nativelauncher.app.TextActivity"
15-->src/main/AndroidManifest.xml:9:9-37
16            android:exported="true" >
16-->src/main/AndroidManifest.xml:10:9-32
17            <meta-data
17-->src/main/AndroidManifest.xml:12:9-14:39
18                android:name="android.app.lib_name"
18-->src/main/AndroidManifest.xml:13:13-48
19                android:value="launcher" />
19-->src/main/AndroidManifest.xml:14:13-37
20
21            <intent-filter>
21-->src/main/AndroidManifest.xml:16:9-20:25
22                <action android:name="android.intent.action.MAIN" />
22-->src/main/AndroidManifest.xml:17:13-64
22-->src/main/AndroidManifest.xml:17:21-62
23
24                <category android:name="android.intent.category.HOME" />
24-->src/main/AndroidManifest.xml:18:13-68
24-->src/main/AndroidManifest.xml:18:23-66
25                <category android:name="android.intent.category.DEFAULT" />
25-->src/main/AndroidManifest.xml:19:13-71
25-->src/main/AndroidManifest.xml:19:23-69
26            </intent-filter>
27        </activity>
28    </application>
29
30</manifest>